build/app/outputs/mapping/release/mapping.txt
# compiler: R8
# compiler_version: 1.5.64
# min_api: 16
# pg_map_id: 4ee776c
...
io.flutter.plugins.webviewflutter.InputAwareWebView -> io.flutter.plugins.c.e:
    android.view.View threadedInputConnectionProxyView -> a
    android.view.View containerView -> c
    io.flutter.plugins.webviewflutter.ThreadedInputConnectionProxyAdapterView proxyAdapterView -> b
    android.view.View access$000(io.flutter.plugins.webviewflutter.InputAwareWebView) -> a
    void dispose() -> a
    void setContainerView(android.view.View) -> a
    void lockInputConnection() -> b
    void setInputConnectionTarget(android.view.View) -> b
    void unlockInputConnection() -> c
    boolean isCalledFromListPopupWindowShow() -> d
    void resetInputConnection() -> e
io.flutter.plugins.webviewflutter.InputAwareWebView$1 -> io.flutter.plugins.c.e$a:
    android.view.View val$targetView -> a
    io.flutter.plugins.webviewflutter.InputAwareWebView this$0 -> b
io.flutter.plugins.webviewflutter.JavaScriptChannel -> io.flutter.plugins.c.f:
    android.os.Handler platformThreadHandler -> c
    java.lang.String javaScriptChannelName -> b
    io.flutter.plugin.common.MethodChannel methodChannel -> a
    java.lang.String access$000(io.flutter.plugins.webviewflutter.JavaScriptChannel) -> a
    io.flutter.plugin.common.MethodChannel access$100(io.flutter.plugins.webviewflutter.JavaScriptChannel) -> b
io.flutter.plugins.webviewflutter.JavaScriptChannel$1 -> io.flutter.plugins.c.f$a:
    java.lang.String val$message -> a
    io.flutter.plugins.webviewflutter.JavaScriptChannel this$0 -> b
io.flutter.plugins.webviewflutter.ThreadedInputConnectionProxyAdapterView -> io.flutter.plugins.c.g:
    android.os.IBinder windowToken -> b
    android.os.Handler imeHandler -> a
    boolean isLocked -> e
    android.view.inputmethod.InputConnection cachedConnection -> f
    android.view.View rootView -> c
    android.view.View targetView -> d
    void setLocked(boolean) -> a
io.flutter.plugins.webviewflutter.WebViewFactory -> io.flutter.plugins.c.h:
    io.flutter.plugin.common.BinaryMessenger messenger -> b
    android.view.View containerView -> c
    io.flutter.plugin.platform.PlatformView create(android.content.Context,int,java.lang.Object) -> a
io.flutter.plugins.webviewflutter.WebViewFlutterPlugin -> io.flutter.plugins.c.i:
    io.flutter.plugins.webviewflutter.FlutterCookieManager flutterCookieManager -> a
    void onDetachedFromEngine(io.flutter.embedding.engine.plugins.FlutterPlugin$FlutterPluginBinding) -> a
    void onAttachedToEngine(io.flutter.embedding.engine.plugins.FlutterPlugin$FlutterPluginBinding) -> b
io.flutter.util.PathUtils -> c.a.c.a:
    java.lang.String getCacheDirectory(android.content.Context) -> a
    java.lang.String getDataDirectory(android.content.Context) -> b
    java.lang.String getFilesDir(android.content.Context) -> c
io.flutter.util.Predicate -> c.a.c.b:
    boolean test(java.lang.Object) -> a
io.flutter.view.-$$Lambda$AccessibilityBridge$JBDpWWlF54eN0gel8Jn1hY7yOmE -> io.flutter.view.a:
    io.flutter.view.AccessibilityBridge$SemanticsNode f$0 -> a
    boolean test(java.lang.Object) -> a
io.flutter.view.-$$Lambda$AccessibilityBridge$_xgAbWhyKyeHrMGUVUYzbSFEeBY -> io.flutter.view.b:
    io.flutter.view.-$$Lambda$AccessibilityBridge$_xgAbWhyKyeHrMGUVUYzbSFEeBY INSTANCE -> a
    boolean test(java.lang.Object) -> a